# JRE version: OpenJDK Runtime Environment (11.0.2+9) (build 11.0.2+9)
# Java VM: OpenJDK 64-Bit Server VM (11.0.2+9, mixed mode, tiered, compressed oops, g1 gc, windows-amd64)
Heap:
 garbage-first heap   total 192512K, used 150197K [0x0000000740000000, 0x0000000800000000)
  region size 1024K, 29 young (29696K), 6 survivors (6144K)
 Metaspace       used 103823K, capacity 106545K, committed 106832K, reserved 1140736K
  class space    used 14547K, capacity 15754K, committed 15872K, reserved 1048576K
GC Heap History (10 events):
Event: 1304.474 GC heap before
{Heap before GC invocations=144 (full 5):
 garbage-first heap   total 190464K, used 182790K [0x0000000740000000, 0x0000000800000000)
  region size 1024K, 60 young (61440K), 3 survivors (3072K)
 Metaspace       used 103535K, capacity 106181K, committed 106448K, reserved 1140736K
  class space    used 14493K, capacity 15697K, committed 15744K, reserved 1048576K
}
Event: 1304.477 GC heap after
{Heap after GC invocations=145 (full 5):
 garbage-first heap   total 190464K, used 124609K [0x0000000740000000, 0x0000000800000000)
  region size 1024K, 3 young (3072K), 3 survivors (3072K)
 Metaspace       used 103535K, capacity 106181K, committed 106448K, reserved 1140736K
  class space    used 14493K, capacity 15697K, committed 15744K, reserved 1048576K
}
Event: 1304.681 GC heap before
{Heap before GC invocations=145 (full 5):
 garbage-first heap   total 190464K, used 182977K [0x0000000740000000, 0x0000000800000000)
  region size 1024K, 60 young (61440K), 3 survivors (3072K)
 Metaspace       used 103536K, capacity 106181K, committed 106448K, reserved 1140736K
  class space    used 14493K, capacity 15697K, committed 15744K, reserved 1048576K
}
Event: 1304.684 GC heap after
{Heap after GC invocations=146 (full 5):
 garbage-first heap   total 190464K, used 124582K [0x0000000740000000, 0x0000000800000000)
  region size 1024K, 3 young (3072K), 3 survivors (3072K)
 Metaspace       used 103536K, capacity 106181K, committed 106448K, reserved 1140736K
  class space    used 14493K, capacity 15697K, committed 15744K, reserved 1048576K
}
Event: 1304.934 GC heap before
{Heap before GC invocations=147 (full 5):
 garbage-first heap   total 190464K, used 182950K [0x0000000740000000, 0x0000000800000000)
  region size 1024K, 60 young (61440K), 3 survivors (3072K)
 Metaspace       used 103536K, capacity 106181K, committed 106448K, reserved 1140736K
  class space    used 14493K, capacity 15697K, committed 15744K, reserved 1048576K
}
Event: 1304.937 GC heap after
{Heap after GC invocations=148 (full 5):
 garbage-first heap   total 190464K, used 124441K [0x0000000740000000, 0x0000000800000000)
  region size 1024K, 3 young (3072K), 3 survivors (3072K)
 Metaspace       used 103536K, capacity 106181K, committed 106448K, reserved 1140736K
  class space    used 14493K, capacity 15697K, committed 15744K, reserved 1048576K
}
Event: 1305.317 GC heap before
{Heap before GC invocations=148 (full 5):
 garbage-first heap   total 190464K, used 182809K [0x0000000740000000, 0x0000000800000000)
  region size 1024K, 60 young (61440K), 3 survivors (3072K)
 Metaspace       used 103555K, capacity 106251K, committed 106448K, reserved 1140736K
  class space    used 14494K, capacity 15698K, committed 15744K, reserved 1048576K
}
Event: 1305.321 GC heap after
{Heap after GC invocations=149 (full 5):
 garbage-first heap   total 190464K, used 125547K [0x0000000740000000, 0x0000000800000000)
  region size 1024K, 4 young (4096K), 4 survivors (4096K)
 Metaspace       used 103555K, capacity 106251K, committed 106448K, reserved 1140736K
  class space    used 14494K, capacity 15698K, committed 15744K, reserved 1048576K
}
Event: 1311.376 GC heap before
{Heap before GC invocations=150 (full 5):
 garbage-first heap   total 190464K, used 182891K [0x0000000740000000, 0x0000000800000000)
  region size 1024K, 60 young (61440K), 4 survivors (4096K)
 Metaspace       used 103716K, capacity 106379K, committed 106448K, reserved 1140736K
  class space    used 14509K, capacity 15720K, committed 15744K, reserved 1048576K
}
Event: 1311.380 GC heap after
{Heap after GC invocations=151 (full 5):
 garbage-first heap   total 192512K, used 127669K [0x0000000740000000, 0x0000000800000000)
  region size 1024K, 6 young (6144K), 6 survivors (6144K)
 Metaspace       used 103716K, capacity 106379K, committed 106448K, reserved 1140736K
  class space    used 14509K, capacity 15720K, committed 15744K, reserved 1048576K
}

